[debug] ----------------------------------------------------------------------
[debug] Command:      C:\Program Files\nodejs\node.exe C:\Users\Eunsik\AppData\Roaming\npm\node_modules\firebase-tools\bin\firebase serve
[debug] CLI Version:  3.9.0
[debug] Platform:     win32
[debug] Node Version: v6.10.3
[debug] Time:         Wed May 31 2017 11:42:22 GMT+0900 (대한민국 표준시)
[debug] ----------------------------------------------------------------------
[debug] 
[debug] > command requires scopes: ["email","openid","https://www.googleapis.com/auth/cloudplatformprojects.readonly","https://www.googleapis.com/auth/firebase","https://www.googleapis.com/auth/cloud-platform"]
[debug] > refreshing access token with scopes: ["email","https://www.googleapis.com/auth/cloud-platform","https://www.googleapis.com/auth/cloudplatformprojects.readonly","https://www.googleapis.com/auth/firebase","openid"]
[debug] >>> HTTP REQUEST POST https://www.googleapis.com/oauth2/v3/token { refresh_token: '1/Dvgr3bCgwlkngsNd7wCBhfGKSPyvXLqbwbE_Q8__7Z4',
  client_id: '563584335869-fgrhgmd47bqnekij5i8b5pr03ho849e6.apps.googleusercontent.com',
  client_secret: 'j9iVZfS8kkCEFUPaAeJV0sAi',
  grant_type: 'refresh_token',
  scope: 'email https://www.googleapis.com/auth/cloud-platform https://www.googleapis.com/auth/cloudplatformprojects.readonly https://www.googleapis.com/auth/firebase openid' } 
 Wed May 31 2017 11:42:22 GMT+0900 (대한민국 표준시)
[debug] <<< HTTP RESPONSE 200
[debug] >>> HTTP REQUEST GET https://admin.firebase.com/v1/projects/medifofoweb  
 Wed May 31 2017 11:42:22 GMT+0900 (대한민국 표준시)
[debug] <<< HTTP RESPONSE 200
[debug] >>> HTTP REQUEST GET https://admin.firebase.com/v1/database/medifofoweb/tokens  
 Wed May 31 2017 11:42:24 GMT+0900 (대한민국 표준시)
[debug] <<< HTTP RESPONSE 200
[info] 
[info] === Serving from 'C:\Users\Eunsik\git\Project_MedifofoWeb\Medifofo_web'...
[info] 
[debug] >>> HTTP REQUEST GET https://cloudresourcemanager.googleapis.com/v1/projects/medifofoweb  
 Wed May 31 2017 11:42:24 GMT+0900 (대한민국 표준시)
[debug] <<< HTTP RESPONSE 200
[debug] >>> HTTP REQUEST GET https://mobilesdk-pa.googleapis.com/v1/projects/744363956828/clients/_:getWebAppConfig  
 Wed May 31 2017 11:42:26 GMT+0900 (대한민국 표준시)
[debug] <<< HTTP RESPONSE 200
[debug] TypeError: Cannot read property 'public' of undefined
    at Server.<anonymous> (C:\Users\Eunsik\AppData\Roaming\npm\node_modules\firebase-tools\lib\serve\hosting.js:34:17)
    at Server.g (events.js:292:16)
    at emitNone (events.js:86:13)
    at Server.emit (events.js:185:7)
    at emitListeningNT (net.js:1284:10)
    at _combinedTickCallback (internal/process/next_tick.js:77:11)
    at process._tickCallback (internal/process/next_tick.js:104:9)
[error] 
[error] Error: An unexpected error has occurred.
[debug] ----------------------------------------------------------------------
[debug] Command:      C:\Program Files\nodejs\node.exe C:\Users\Eunsik\AppData\Roaming\npm\node_modules\firebase-tools\bin\firebase serve -p 5000
[debug] CLI Version:  3.9.0
[debug] Platform:     win32
[debug] Node Version: v6.10.3
[debug] Time:         Wed May 31 2017 11:46:38 GMT+0900 (대한민국 표준시)
[debug] ----------------------------------------------------------------------
[debug] 
[debug] > command requires scopes: ["email","openid","https://www.googleapis.com/auth/cloudplatformprojects.readonly","https://www.googleapis.com/auth/firebase","https://www.googleapis.com/auth/cloud-platform"]
[debug] >>> HTTP REQUEST GET https://admin.firebase.com/v1/projects/medifofoweb  
 Wed May 31 2017 11:46:38 GMT+0900 (대한민국 표준시)
[debug] <<< HTTP RESPONSE 200
[debug] >>> HTTP REQUEST GET https://admin.firebase.com/v1/database/medifofoweb/tokens  
 Wed May 31 2017 11:46:40 GMT+0900 (대한민국 표준시)
[debug] <<< HTTP RESPONSE 200
[info] 
[info] === Serving from 'C:\Users\Eunsik\git\Project_MedifofoWeb\Medifofo_web'...
[info] 
[debug] >>> HTTP REQUEST GET https://cloudresourcemanager.googleapis.com/v1/projects/medifofoweb  
 Wed May 31 2017 11:46:41 GMT+0900 (대한민국 표준시)
[debug] <<< HTTP RESPONSE 200
[debug] >>> HTTP REQUEST GET https://mobilesdk-pa.googleapis.com/v1/projects/744363956828/clients/_:getWebAppConfig  
 Wed May 31 2017 11:46:43 GMT+0900 (대한민국 표준시)
[debug] <<< HTTP RESPONSE 200
[debug] TypeError: Cannot read property 'public' of undefined
    at Server.<anonymous> (C:\Users\Eunsik\AppData\Roaming\npm\node_modules\firebase-tools\lib\serve\hosting.js:34:17)
    at Server.g (events.js:292:16)
    at emitNone (events.js:86:13)
    at Server.emit (events.js:185:7)
    at emitListeningNT (net.js:1284:10)
    at _combinedTickCallback (internal/process/next_tick.js:77:11)
    at process._tickCallback (internal/process/next_tick.js:104:9)
[error] 
[error] Error: An unexpected error has occurred.
[debug] ----------------------------------------------------------------------
[debug] Command:      C:\Program Files\nodejs\node.exe C:\Users\Eunsik\AppData\Roaming\npm\node_modules\firebase-tools\bin\firebase serve -p 5001
[debug] CLI Version:  3.9.0
[debug] Platform:     win32
[debug] Node Version: v6.10.3
[debug] Time:         Wed May 31 2017 11:47:44 GMT+0900 (대한민국 표준시)
[debug] ----------------------------------------------------------------------
[debug] 
[debug] > command requires scopes: ["email","openid","https://www.googleapis.com/auth/cloudplatformprojects.readonly","https://www.googleapis.com/auth/firebase","https://www.googleapis.com/auth/cloud-platform"]
[debug] >>> HTTP REQUEST GET https://admin.firebase.com/v1/projects/medifofoweb  
 Wed May 31 2017 11:47:44 GMT+0900 (대한민국 표준시)
[debug] <<< HTTP RESPONSE 200
[debug] >>> HTTP REQUEST GET https://admin.firebase.com/v1/database/medifofoweb/tokens  
 Wed May 31 2017 11:47:45 GMT+0900 (대한민국 표준시)
[debug] <<< HTTP RESPONSE 200
[info] 
[info] === Serving from 'C:\Users\Eunsik\git\Project_MedifofoWeb\Medifofo_web'...
[info] 
[debug] >>> HTTP REQUEST GET https://cloudresourcemanager.googleapis.com/v1/projects/medifofoweb  
 Wed May 31 2017 11:47:46 GMT+0900 (대한민국 표준시)
[debug] <<< HTTP RESPONSE 200
[debug] >>> HTTP REQUEST GET https://mobilesdk-pa.googleapis.com/v1/projects/744363956828/clients/_:getWebAppConfig  
 Wed May 31 2017 11:47:47 GMT+0900 (대한민국 표준시)
[debug] <<< HTTP RESPONSE 200
[debug] TypeError: Cannot read property 'public' of undefined
    at Server.<anonymous> (C:\Users\Eunsik\AppData\Roaming\npm\node_modules\firebase-tools\lib\serve\hosting.js:34:17)
    at Server.g (events.js:292:16)
    at emitNone (events.js:86:13)
    at Server.emit (events.js:185:7)
    at emitListeningNT (net.js:1284:10)
    at _combinedTickCallback (internal/process/next_tick.js:77:11)
    at process._tickCallback (internal/process/next_tick.js:104:9)
[error] 
[error] Error: An unexpected error has occurred.
[debug] ----------------------------------------------------------------------
[debug] Command:      C:\Program Files\nodejs\node.exe C:\Users\Eunsik\AppData\Roaming\npm\node_modules\firebase-tools\bin\firebase serve
[debug] CLI Version:  3.9.0
[debug] Platform:     win32
[debug] Node Version: v6.10.3
[debug] Time:         Wed May 31 2017 12:05:47 GMT+0900 (대한민국 표준시)
[debug] ----------------------------------------------------------------------
[debug] 
[debug] > command requires scopes: ["email","openid","https://www.googleapis.com/auth/cloudplatformprojects.readonly","https://www.googleapis.com/auth/firebase","https://www.googleapis.com/auth/cloud-platform"]
[debug] >>> HTTP REQUEST GET https://admin.firebase.com/v1/projects/medifofoweb  
 Wed May 31 2017 12:05:47 GMT+0900 (대한민국 표준시)
[debug] <<< HTTP RESPONSE 200
[debug] >>> HTTP REQUEST GET https://admin.firebase.com/v1/database/medifofoweb/tokens  
 Wed May 31 2017 12:05:49 GMT+0900 (대한민국 표준시)
[debug] <<< HTTP RESPONSE 200
[info] 
[info] === Serving from 'C:\Users\Eunsik\git\Project_MedifofoWeb\Medifofo_web'...
[info] 
[debug] >>> HTTP REQUEST GET https://cloudresourcemanager.googleapis.com/v1/projects/medifofoweb  
 Wed May 31 2017 12:05:49 GMT+0900 (대한민국 표준시)
[debug] <<< HTTP RESPONSE 200
[debug] >>> HTTP REQUEST GET https://mobilesdk-pa.googleapis.com/v1/projects/744363956828/clients/_:getWebAppConfig  
 Wed May 31 2017 12:05:51 GMT+0900 (대한민국 표준시)
[debug] <<< HTTP RESPONSE 200
[info] i  hosting: Serving hosting files from: ./
[info] +  hosting: Local server: http://localhost:5000

